TN:s21_test_matrix
SF:/home/naysswyf/School21/C6_s21_matrix-4/src/tests/s21_eq_matrix_test.c
FN:3,s21_eq_matrix_1_fn
FNDA:1,s21_eq_matrix_1_fn
FN:21,s21_eq_matrix_2_fn
FNDA:1,s21_eq_matrix_2_fn
FN:47,s21_eq_matrix_3_fn
FNDA:1,s21_eq_matrix_3_fn
FN:74,s21_eq_matrix_4_fn
FNDA:1,s21_eq_matrix_4_fn
FN:101,s21_eq_matrix_5_fn
FNDA:1,s21_eq_matrix_5_fn
FN:129,s21_eq_matrix_6_fn
FNDA:1,s21_eq_matrix_6_fn
FN:157,s21_eq_matrix_7_fn
FNDA:1,s21_eq_matrix_7_fn
FN:194,s21_eq_matrix_suite
FNDA:1,s21_eq_matrix_suite
DA:3,1
DA:6,1
DA:7,1
DA:8,1
DA:10,1
DA:11,1
DA:12,1
DA:14,1
DA:16,1
DA:17,1
DA:18,1
DA:21,1
DA:24,1
DA:25,1
DA:26,1
DA:27,4
DA:28,15
DA:29,12
DA:33,1
DA:34,4
DA:35,15
DA:36,12
DA:40,1
DA:42,1
DA:43,1
DA:44,1
DA:47,1
DA:50,1
DA:51,1
DA:52,1
DA:53,4
DA:54,15
DA:55,12
DA:59,1
DA:60,4
DA:61,15
DA:62,12
DA:65,1
DA:67,1
DA:69,1
DA:70,1
DA:71,1
DA:74,1
DA:77,1
DA:78,1
DA:79,1
DA:80,4
DA:81,15
DA:82,12
DA:86,1
DA:87,4
DA:88,15
DA:89,12
DA:92,1
DA:94,1
DA:96,1
DA:97,1
DA:98,1
DA:101,1
DA:104,1
DA:105,1
DA:106,1
DA:107,4
DA:108,15
DA:109,12
DA:113,1
DA:114,4
DA:115,15
DA:116,12
DA:119,1
DA:120,1
DA:122,1
DA:124,1
DA:125,1
DA:126,1
DA:129,1
DA:132,1
DA:133,1
DA:134,1
DA:135,4
DA:136,15
DA:137,12
DA:141,1
DA:142,4
DA:143,15
DA:144,12
DA:147,1
DA:148,1
DA:150,1
DA:152,1
DA:153,1
DA:154,1
DA:157,1
DA:160,1
DA:161,1
DA:163,1
DA:164,1
DA:165,1
DA:167,1
DA:168,1
DA:169,1
DA:171,1
DA:172,1
DA:173,1
DA:175,1
DA:176,1
DA:177,1
DA:179,1
DA:180,1
DA:181,1
DA:183,1
DA:184,1
DA:185,1
DA:187,1
DA:189,1
DA:190,1
DA:191,1
DA:194,1
DA:195,1
DA:196,1
DA:198,1
DA:199,1
DA:200,1
DA:201,1
DA:202,1
DA:203,1
DA:204,1
DA:206,1
DA:207,1
end_of_record
TN:s21_test_matrix
SF:/home/naysswyf/School21/C6_s21_matrix-4/src/tests/s21_mult_matrix_test.c
FN:3,s21_mult_matrix_1_fn
FNDA:1,s21_mult_matrix_1_fn
FN:31,s21_mult_matrix_4_fn
FNDA:1,s21_mult_matrix_4_fn
FN:90,s21_mult_matrix_5_fn
FNDA:1,s21_mult_matrix_5_fn
FN:102,s21_mult_matrix_suite
FNDA:1,s21_mult_matrix_suite
DA:3,1
DA:4,1
DA:5,1
DA:6,1
DA:7,1
DA:8,1
DA:31,1
DA:34,1
DA:35,1
DA:36,1
DA:38,6
DA:39,20
DA:40,15
DA:44,4
DA:45,18
DA:46,15
DA:50,1
DA:51,1
DA:52,1
DA:53,1
DA:54,1
DA:56,1
DA:57,1
DA:58,1
DA:59,1
DA:60,1
DA:62,1
DA:63,1
DA:64,1
DA:65,1
DA:66,1
DA:68,1
DA:69,1
DA:70,1
DA:71,1
DA:72,1
DA:74,1
DA:75,1
DA:76,1
DA:77,1
DA:78,1
DA:80,1
DA:81,1
DA:83,1
DA:84,1
DA:85,1
DA:86,1
DA:87,1
DA:90,1
DA:92,1
DA:93,1
DA:95,1
DA:97,1
DA:98,1
DA:99,1
DA:102,1
DA:103,1
DA:104,1
DA:106,1
DA:109,1
DA:110,1
DA:112,1
DA:113,1
end_of_record
TN:s21_test_matrix
SF:/home/naysswyf/School21/C6_s21_matrix-4/src/tests/s21_sum_sub_test.c
FN:3,s21_sum_sub_matrix_1_fn
FNDA:1,s21_sum_sub_matrix_1_fn
FN:22,s21_sum_sub_matrix_2_fn
FNDA:1,s21_sum_sub_matrix_2_fn
FN:36,s21_sum_sub_matrix_3_fn
FNDA:1,s21_sum_sub_matrix_3_fn
FN:75,s21_sum_sub_matrix_4_fn
FNDA:1,s21_sum_sub_matrix_4_fn
FN:94,s21_sum_sub_matrix_5_fn
FNDA:1,s21_sum_sub_matrix_5_fn
FN:108,s21_sum_sub_matrix_suite
FNDA:1,s21_sum_sub_matrix_suite
DA:3,1
DA:6,1
DA:7,1
DA:9,1
DA:10,1
DA:12,1
DA:13,1
DA:15,1
DA:17,1
DA:18,1
DA:19,1
DA:22,1
DA:23,1
DA:25,1
DA:26,1
DA:28,1
DA:30,1
DA:32,1
DA:33,1
DA:36,1
DA:39,1
DA:40,1
DA:42,1
DA:43,1
DA:45,4
DA:46,18
DA:47,15
DA:48,15
DA:52,1
DA:54,4
DA:55,18
DA:56,15
DA:60,1
DA:62,4
DA:63,18
DA:64,15
DA:68,1
DA:69,1
DA:70,1
DA:71,1
DA:72,1
DA:75,1
DA:78,1
DA:79,1
DA:81,1
DA:82,1
DA:84,1
DA:85,1
DA:87,1
DA:89,1
DA:90,1
DA:91,1
DA:94,1
DA:95,1
DA:97,1
DA:98,1
DA:100,1
DA:102,1
DA:104,1
DA:105,1
DA:108,1
DA:109,1
DA:110,1
DA:112,1
DA:113,1
DA:114,1
DA:115,1
DA:116,1
DA:118,1
DA:119,1
end_of_record
TN:s21_test_matrix
SF:/home/naysswyf/School21/C6_s21_matrix-4/src/tests/s21_remove_matrix_test.c
FN:3,s21_remove_matrix_1_fn
FNDA:1,s21_remove_matrix_1_fn
FN:17,s21_remove_matrix_suite
FNDA:1,s21_remove_matrix_suite
DA:3,1
DA:4,1
DA:6,1
DA:7,1
DA:9,1
DA:10,1
DA:12,1
DA:13,1
DA:14,1
DA:17,1
DA:18,1
DA:19,1
DA:21,1
DA:23,1
DA:24,1
end_of_record
TN:s21_test_matrix
SF:/home/naysswyf/School21/C6_s21_matrix-4/src/tests/s21_matrix_test.c
FN:3,main
FNDA:1,main
FN:8,run_testcase
FNDA:10,run_testcase
FN:17,run_tests
FNDA:1,run_tests
DA:3,1
DA:4,1
DA:5,1
DA:8,10
DA:10,10
DA:11,10
DA:12,10
DA:13,10
DA:14,10
DA:15,10
DA:17,1
DA:18,1
DA:19,1
DA:20,1
DA:21,1
DA:22,1
DA:23,1
DA:24,1
DA:25,1
DA:26,1
DA:27,1
DA:30,11
DA:31,10
DA:32,10
DA:34,1
end_of_record
TN:s21_test_matrix
SF:/home/naysswyf/School21/C6_s21_matrix-4/src/s21_matrix.c
FN:3,s21_create_matrix
FNDA:170,s21_create_matrix
FN:17,s21_CHECKMATRIX
FNDA:378,s21_CHECKMATRIX
FN:27,s21_remove_matrix
FNDA:168,s21_remove_matrix
FN:43,s21_eq_matrix
FNDA:21,s21_eq_matrix
FN:55,s21_SIZECHECK
FNDA:25,s21_SIZECHECK
FN:65,s21_COMPARISIONMATRIX
FNDA:20,s21_COMPARISIONMATRIX
FN:79,s21_sum_matrix
FNDA:3,s21_sum_matrix
FN:96,s21_sub_matrix
FNDA:3,s21_sub_matrix
FN:113,s21_mult_number
FNDA:3,s21_mult_number
FN:126,s21_mult_matrix
FNDA:3,s21_mult_matrix
FN:139,s21_SIMPLMULT
FNDA:1,s21_SIMPLMULT
FN:150,s21_transpose
FNDA:5,s21_transpose
FN:163,s21_determinant
FNDA:75,s21_determinant
FN:192,s21_ZEROLINECHECK
FNDA:103,s21_ZEROLINECHECK
FN:218,s21_TRIANGULARMATRIX
FNDA:68,s21_TRIANGULARMATRIX
FN:229,s21_CHECKINGFORZERO
FNDA:103,s21_CHECKINGFORZERO
FN:249,s21_NULLING
FNDA:93,s21_NULLING
FN:259,s21_calc_complements
FNDA:10,s21_calc_complements
FN:276,s21_CALCALGORITM
FNDA:5,s21_CALCALGORITM
FN:288,s21_MINORDETERMINANT
FNDA:52,s21_MINORDETERMINANT
FN:307,s21_inverse_matrix
FNDA:8,s21_inverse_matrix
DA:3,170
DA:4,170
DA:5,170
DA:6,168
DA:7,168
DA:8,679
DA:9,511
DA:11,168
DA:12,168
DA:14,170
DA:17,378
DA:18,378
DA:19,378
DA:20,370
DA:21,370
DA:24,378
DA:27,168
DA:28,168
DA:29,679
DA:30,5390
DA:31,4879
DA:34,679
DA:35,511
DA:37,168
DA:38,168
DA:39,168
DA:41,168
DA:43,21
DA:44,21
DA:45,21
DA:46,21
DA:47,20
DA:48,18
DA:52,21
DA:55,25
DA:56,25
DA:57,25
DA:58,25
DA:59,22
DA:62,25
DA:65,20
DA:66,20
DA:67,20
DA:68,69
DA:69,203
DA:70,154
DA:71,154
DA:72,2
DA:76,20
DA:79,3
DA:80,3
DA:81,3
DA:82,2
DA:83,1
DA:85,1
DA:86,4
DA:87,18
DA:88,15
DA:93,3
DA:96,3
DA:97,3
DA:98,3
DA:99,2
DA:100,1
DA:102,1
DA:103,4
DA:104,18
DA:105,15
DA:110,3
DA:113,3
DA:114,3
DA:115,3
DA:116,2
DA:117,7
DA:118,18
DA:119,13
DA:123,3
DA:126,3
DA:127,3
DA:128,3
DA:129,2
DA:130,1
DA:132,1
DA:133,1
DA:136,3
DA:139,1
DA:140,6
DA:141,30
DA:142,25
DA:143,100
DA:144,75
DA:148,1
DA:150,5
DA:151,5
DA:152,5
DA:153,4
DA:154,13
DA:155,28
DA:156,19
DA:160,5
DA:163,75
DA:164,75
DA:165,75
DA:166,74
DA:167,2
DA:168,72
DA:169,4
DA:170,4
DA:172,68
DA:174,68
DA:175,244
DA:176,668
DA:177,492
DA:180,68
DA:181,68
DA:182,244
DA:183,176
DA:185,68
DA:186,68
DA:189,75
DA:192,103
DA:193,103
DA:194,103
DA:195,103
DA:196,394
DA:197,291
DA:198,1190
DA:199,899
DA:200,752
DA:203,291
DA:205,103
DA:206,367
DA:207,264
DA:208,1072
DA:209,808
DA:210,698
DA:213,264
DA:215,103
DA:218,68
DA:219,68
DA:220,68
DA:221,264
DA:222,103
DA:223,93
DA:224,93
DA:226,68
DA:229,103
DA:230,103
DA:231,103
DA:232,113
DA:233,10
DA:235,103
DA:237,41
DA:238,31
DA:239,31
DA:240,31
DA:242,10
DA:243,93
DA:244,0
DA:246,103
DA:249,93
DA:251,229
DA:252,136
DA:253,512
DA:254,376
DA:257,93
DA:259,10
DA:260,10
DA:261,10
DA:262,8
DA:263,1
DA:265,7
DA:266,7
DA:267,2
DA:269,5
DA:273,10
DA:276,5
DA:278,5
DA:279,21
DA:280,68
DA:281,52
DA:282,52
DA:285,5
DA:286,5
DA:288,52
DA:289,52
DA:290,52
DA:291,224
DA:292,172
DA:293,172
DA:294,528
DA:295,408
DA:296,288
DA:297,288
DA:300,120
DA:303,52
DA:304,52
DA:307,8
DA:308,8
DA:309,8
DA:310,6
DA:311,6
DA:312,6
DA:313,5
DA:314,2
DA:315,3
DA:316,2
DA:317,2
DA:320,1
DA:321,1
DA:322,1
DA:323,1
DA:324,1
DA:328,8
end_of_record
TN:s21_test_matrix
SF:/home/naysswyf/School21/C6_s21_matrix-4/src/tests/s21_inverse_matrix_test.c
FN:3,s21_inverse_matrix_1_fn
FNDA:1,s21_inverse_matrix_1_fn
FN:10,s21_inverse_matrix_2_fn
FNDA:1,s21_inverse_matrix_2_fn
FN:19,s21_inverse_matrix_3_fn
FNDA:1,s21_inverse_matrix_3_fn
FN:45,s21_inverse_matrix_4_fn
FNDA:1,s21_inverse_matrix_4_fn
FN:85,s21_inverse_matrix_5_fn
FNDA:1,s21_inverse_matrix_5_fn
FN:107,s21_inverse_matrix_6_fn
FNDA:1,s21_inverse_matrix_6_fn
FN:126,s21_inverse_matrix_7_fn
FNDA:1,s21_inverse_matrix_7_fn
FN:139,s21_inverse_matrix_8_fn
FNDA:1,s21_inverse_matrix_8_fn
FN:158,s21_inverse_matrix_suite
FNDA:1,s21_inverse_matrix_suite
DA:3,1
DA:4,1
DA:6,1
DA:7,1
DA:10,1
DA:11,1
DA:12,1
DA:14,1
DA:15,1
DA:16,1
DA:19,1
DA:22,1
DA:24,1
DA:25,1
DA:26,1
DA:27,1
DA:29,1
DA:30,1
DA:31,1
DA:32,1
DA:34,1
DA:35,1
DA:36,1
DA:37,1
DA:39,1
DA:41,1
DA:42,1
DA:45,1
DA:48,1
DA:49,1
DA:51,1
DA:52,1
DA:53,1
DA:55,1
DA:56,1
DA:57,1
DA:59,1
DA:60,1
DA:61,1
DA:63,1
DA:64,1
DA:65,1
DA:67,1
DA:68,1
DA:69,1
DA:71,1
DA:72,1
DA:73,1
DA:75,1
DA:77,1
DA:79,1
DA:80,1
DA:81,1
DA:82,1
DA:85,1
DA:88,1
DA:90,1
DA:91,1
DA:92,1
DA:94,1
DA:95,1
DA:96,1
DA:98,1
DA:99,1
DA:100,1
DA:102,1
DA:103,1
DA:104,1
DA:107,1
DA:110,1
DA:111,1
DA:113,1
DA:115,1
DA:117,1
DA:118,1
DA:120,1
DA:121,1
DA:122,1
DA:123,1
DA:126,1
DA:129,1
DA:131,1
DA:133,1
DA:135,1
DA:136,1
DA:139,1
DA:142,1
DA:143,1
DA:145,1
DA:147,1
DA:149,1
DA:150,1
DA:152,1
DA:153,1
DA:154,1
DA:155,1
DA:158,1
DA:159,1
DA:160,1
DA:162,1
DA:163,1
DA:164,1
DA:165,1
DA:166,1
DA:167,1
DA:168,1
DA:169,1
DA:171,1
DA:172,1
end_of_record
TN:s21_test_matrix
SF:/home/naysswyf/School21/C6_s21_matrix-4/src/tests/s21_determinant_test.c
FN:3,s21_determinant_1_fn
FNDA:1,s21_determinant_1_fn
FN:11,s21_determinant_2_fn
FNDA:1,s21_determinant_2_fn
FN:23,s21_determinant_3_fn
FNDA:1,s21_determinant_3_fn
FN:56,s21_determinant_4_fn
FNDA:1,s21_determinant_4_fn
FN:82,s21_determinant_5_fn
FNDA:1,s21_determinant_5_fn
FN:116,s21_determinant_6_fn
FNDA:1,s21_determinant_6_fn
FN:150,s21_determinant_7_fn
FNDA:1,s21_determinant_7_fn
FN:184,s21_determinant_8_fn
FNDA:1,s21_determinant_8_fn
FN:218,s21_determinant_9_fn
FNDA:1,s21_determinant_9_fn
FN:252,s21_determinant_10_fn
FNDA:1,s21_determinant_10_fn
FN:268,s21_determinant_11_fn
FNDA:1,s21_determinant_11_fn
FN:292,s21_determinant_12_fn
FNDA:1,s21_determinant_12_fn
FN:331,s21_determinant_13_fn
FNDA:1,s21_determinant_13_fn
FN:361,s21_determinant_14_fn
FNDA:1,s21_determinant_14_fn
FN:386,s21_determinant_15_fn
FNDA:1,s21_determinant_15_fn
FN:411,s21_determinant_16_fn
FNDA:1,s21_determinant_16_fn
FN:430,s21_determinant_17_fn
FNDA:1,s21_determinant_17_fn
FN:455,s21_determinant_suite
FNDA:1,s21_determinant_suite
DA:3,1
DA:4,1
DA:5,1
DA:7,1
DA:8,1
DA:11,1
DA:13,1
DA:15,1
DA:17,1
DA:19,1
DA:20,1
DA:23,1
DA:25,1
DA:27,1
DA:29,1
DA:30,1
DA:31,1
DA:32,1
DA:34,1
DA:35,1
DA:36,1
DA:37,1
DA:39,1
DA:40,1
DA:41,1
DA:42,1
DA:44,1
DA:45,1
DA:46,1
DA:47,1
DA:49,1
DA:50,1
DA:52,1
DA:53,1
DA:56,1
DA:58,1
DA:60,1
DA:62,1
DA:63,1
DA:64,1
DA:66,1
DA:67,1
DA:68,1
DA:70,1
DA:71,1
DA:72,1
DA:74,1
DA:76,1
DA:78,1
DA:79,1
DA:82,1
DA:84,1
DA:86,1
DA:88,1
DA:89,1
DA:90,1
DA:91,1
DA:93,1
DA:94,1
DA:95,1
DA:96,1
DA:98,1
DA:99,1
DA:100,1
DA:101,1
DA:103,1
DA:104,1
DA:105,1
DA:106,1
DA:108,1
DA:110,1
DA:112,1
DA:113,1
DA:116,1
DA:118,1
DA:120,1
DA:122,1
DA:123,1
DA:124,1
DA:125,1
DA:127,1
DA:128,1
DA:129,1
DA:130,1
DA:132,1
DA:133,1
DA:134,1
DA:135,1
DA:137,1
DA:138,1
DA:139,1
DA:140,1
DA:142,1
DA:144,1
DA:146,1
DA:147,1
DA:150,1
DA:152,1
DA:154,1
DA:156,1
DA:157,1
DA:158,1
DA:159,1
DA:161,1
DA:162,1
DA:163,1
DA:164,1
DA:166,1
DA:167,1
DA:168,1
DA:169,1
DA:171,1
DA:172,1
DA:173,1
DA:174,1
DA:176,1
DA:178,1
DA:180,1
DA:181,1
DA:184,1
DA:186,1
DA:188,1
DA:190,1
DA:191,1
DA:192,1
DA:193,1
DA:195,1
DA:196,1
DA:197,1
DA:198,1
DA:200,1
DA:201,1
DA:202,1
DA:203,1
DA:205,1
DA:206,1
DA:207,1
DA:208,1
DA:210,1
DA:212,1
DA:214,1
DA:215,1
DA:218,1
DA:220,1
DA:222,1
DA:224,1
DA:225,1
DA:226,1
DA:227,1
DA:229,1
DA:230,1
DA:231,1
DA:232,1
DA:234,1
DA:235,1
DA:236,1
DA:237,1
DA:239,1
DA:240,1
DA:241,1
DA:242,1
DA:244,1
DA:246,1
DA:248,1
DA:249,1
DA:252,1
DA:254,1
DA:256,1
DA:258,1
DA:260,1
DA:262,1
DA:264,1
DA:265,1
DA:268,1
DA:270,1
DA:272,1
DA:274,1
DA:275,1
DA:276,1
DA:277,1
DA:278,1
DA:279,1
DA:280,1
DA:281,1
DA:282,1
DA:284,1
DA:286,1
DA:288,1
DA:289,1
DA:292,1
DA:294,1
DA:295,1
DA:297,1
DA:298,1
DA:299,1
DA:300,1
DA:301,1
DA:302,1
DA:303,1
DA:304,1
DA:305,1
DA:306,1
DA:307,1
DA:308,1
DA:309,1
DA:310,1
DA:311,1
DA:312,1
DA:313,1
DA:314,1
DA:315,1
DA:316,1
DA:317,1
DA:318,1
DA:319,1
DA:320,1
DA:321,1
DA:323,1
DA:325,1
DA:327,1
DA:328,1
DA:331,1
DA:334,1
DA:336,1
DA:337,1
DA:338,1
DA:339,1
DA:340,1
DA:341,1
DA:342,1
DA:343,1
DA:344,1
DA:345,1
DA:346,1
DA:347,1
DA:348,1
DA:349,1
DA:350,1
DA:351,1
DA:353,1
DA:355,1
DA:357,1
DA:358,1
DA:361,1
DA:364,1
DA:366,1
DA:367,1
DA:368,1
DA:370,1
DA:371,1
DA:372,1
DA:374,1
DA:375,1
DA:376,1
DA:378,1
DA:380,1
DA:382,1
DA:383,1
DA:386,1
DA:389,1
DA:391,1
DA:392,1
DA:393,1
DA:395,1
DA:396,1
DA:397,1
DA:399,1
DA:400,1
DA:401,1
DA:403,1
DA:405,1
DA:407,1
DA:408,1
DA:411,1
DA:414,1
DA:416,1
DA:417,1
DA:419,1
DA:420,1
DA:422,1
DA:424,1
DA:426,1
DA:427,1
DA:430,1
DA:433,1
DA:435,1
DA:436,1
DA:437,1
DA:439,1
DA:440,1
DA:441,1
DA:443,1
DA:444,1
DA:445,1
DA:447,1
DA:449,1
DA:451,1
DA:452,1
DA:455,1
DA:456,1
DA:457,1
DA:459,1
DA:460,1
DA:461,1
DA:462,1
DA:463,1
DA:464,1
DA:465,1
DA:466,1
DA:467,1
DA:468,1
DA:469,1
DA:470,1
DA:471,1
DA:472,1
DA:473,1
DA:474,1
DA:475,1
DA:477,1
DA:478,1
end_of_record
TN:s21_test_matrix
SF:/home/naysswyf/School21/C6_s21_matrix-4/src/tests/s21_calc_complements_test.c
FN:3,s21_calc_complements_1_fn
FNDA:1,s21_calc_complements_1_fn
FN:10,s21_calc_complements_2_fn
FNDA:1,s21_calc_complements_2_fn
FN:19,s21_calc_complements_3_fn
FNDA:1,s21_calc_complements_3_fn
FN:30,s21_calc_complements_4_fn
FNDA:1,s21_calc_complements_4_fn
FN:69,s21_calc_complements_5_fn
FNDA:1,s21_calc_complements_5_fn
FN:108,s21_calc_complements_6_fn
FNDA:1,s21_calc_complements_6_fn
FN:164,s21_calc_complements_7_fn
FNDA:1,s21_calc_complements_7_fn
FN:183,s21_calc_complements_8_fn
FNDA:1,s21_calc_complements_8_fn
FN:223,s21_calc_complements_9_fn
FNDA:1,s21_calc_complements_9_fn
FN:242,s21_calc_complements_suite
FNDA:1,s21_calc_complements_suite
DA:3,1
DA:4,1
DA:6,1
DA:7,1
DA:10,1
DA:11,1
DA:12,1
DA:14,1
DA:15,1
DA:16,1
DA:19,1
DA:22,1
DA:24,1
DA:26,1
DA:27,1
DA:30,1
DA:33,1
DA:34,1
DA:36,1
DA:37,1
DA:38,1
DA:40,1
DA:41,1
DA:42,1
DA:44,1
DA:45,1
DA:46,1
DA:48,1
DA:49,1
DA:50,1
DA:52,1
DA:53,1
DA:54,1
DA:56,1
DA:57,1
DA:58,1
DA:60,1
DA:61,1
DA:63,1
DA:64,1
DA:65,1
DA:66,1
DA:69,1
DA:72,1
DA:73,1
DA:75,1
DA:76,1
DA:77,1
DA:79,1
DA:80,1
DA:81,1
DA:83,1
DA:84,1
DA:85,1
DA:87,1
DA:88,1
DA:89,1
DA:91,1
DA:92,1
DA:93,1
DA:95,1
DA:96,1
DA:97,1
DA:99,1
DA:100,1
DA:102,1
DA:103,1
DA:104,1
DA:105,1
DA:108,1
DA:111,1
DA:112,1
DA:114,1
DA:115,1
DA:116,1
DA:117,1
DA:119,1
DA:120,1
DA:121,1
DA:122,1
DA:124,1
DA:125,1
DA:126,1
DA:127,1
DA:129,1
DA:130,1
DA:131,1
DA:132,1
DA:134,1
DA:135,1
DA:136,1
DA:137,1
DA:139,1
DA:140,1
DA:141,1
DA:142,1
DA:144,1
DA:145,1
DA:146,1
DA:147,1
DA:149,1
DA:150,1
DA:151,1
DA:152,1
DA:154,1
DA:156,1
DA:158,1
DA:159,1
DA:160,1
DA:161,1
DA:164,1
DA:167,1
DA:168,1
DA:170,1
DA:172,1
DA:174,1
DA:175,1
DA:177,1
DA:178,1
DA:179,1
DA:180,1
DA:183,1
DA:186,1
DA:187,1
DA:189,1
DA:190,1
DA:191,1
DA:193,1
DA:194,1
DA:195,1
DA:197,1
DA:198,1
DA:199,1
DA:201,1
DA:202,1
DA:203,1
DA:205,1
DA:206,1
DA:207,1
DA:209,1
DA:210,1
DA:211,1
DA:213,1
DA:215,1
DA:217,1
DA:218,1
DA:219,1
DA:220,1
DA:223,1
DA:226,1
DA:227,1
DA:229,1
DA:231,1
DA:233,1
DA:234,1
DA:236,1
DA:237,1
DA:238,1
DA:239,1
DA:242,1
DA:243,1
DA:244,1
DA:246,1
DA:247,1
DA:248,1
DA:249,1
DA:250,1
DA:251,1
DA:252,1
DA:253,1
DA:254,1
DA:256,1
DA:257,1
end_of_record
TN:s21_test_matrix
SF:/home/naysswyf/School21/C6_s21_matrix-4/src/tests/s21_transpose_test.c
FN:3,s21_transpose_1_fn
FNDA:1,s21_transpose_1_fn
FN:10,s21_transpose_2_fn
FNDA:1,s21_transpose_2_fn
FN:42,s21_transpose_3_fn
FNDA:1,s21_transpose_3_fn
FN:58,s21_transpose_4_fn
FNDA:1,s21_transpose_4_fn
FN:82,s21_transpose_suite
FNDA:1,s21_transpose_suite
DA:3,1
DA:4,1
DA:6,1
DA:7,1
DA:10,1
DA:13,1
DA:14,1
DA:16,1
DA:17,1
DA:18,1
DA:20,1
DA:21,1
DA:22,1
DA:24,1
DA:25,1
DA:26,1
DA:28,1
DA:29,1
DA:30,1
DA:32,1
DA:34,1
DA:36,1
DA:37,1
DA:38,1
DA:39,1
DA:42,1
DA:45,1
DA:47,1
DA:49,1
DA:51,1
DA:53,1
DA:54,1
DA:55,1
DA:58,1
DA:61,1
DA:62,1
DA:64,1
DA:65,1
DA:66,1
DA:68,1
DA:69,1
DA:70,1
DA:72,1
DA:74,1
DA:76,1
DA:77,1
DA:78,1
DA:79,1
DA:82,1
DA:83,1
DA:84,1
DA:86,1
DA:87,1
DA:88,1
DA:89,1
DA:91,1
DA:92,1
end_of_record
TN:s21_test_matrix
SF:/home/naysswyf/School21/C6_s21_matrix-4/src/tests/s21_mult_number_test.c
FN:3,s21_mult_number_1_fn
FNDA:1,s21_mult_number_1_fn
FN:10,s21_mult_number_2_fn
FNDA:1,s21_mult_number_2_fn
FN:37,s21_mult_number_suite
FNDA:1,s21_mult_number_suite
DA:3,1
DA:4,1
DA:5,1
DA:6,1
DA:7,1
DA:10,1
DA:13,1
DA:14,1
DA:15,1
DA:17,3
DA:18,6
DA:19,4
DA:23,1
DA:24,1
DA:25,1
DA:26,1
DA:28,1
DA:29,1
DA:31,1
DA:32,1
DA:33,1
DA:34,1
DA:37,1
DA:38,1
DA:39,1
DA:41,1
DA:42,1
DA:44,1
DA:45,1
end_of_record
TN:s21_test_matrix
SF:/home/naysswyf/School21/C6_s21_matrix-4/src/tests/s21_create_test.c
FN:3,s21_create_matrix_1_fn
FNDA:1,s21_create_matrix_1_fn
FN:23,s21_create_matrix_suite
FNDA:1,s21_create_matrix_suite
DA:3,1
DA:4,1
DA:6,1
DA:7,1
DA:9,1
DA:10,1
DA:12,1
DA:14,1
DA:15,1
DA:16,1
DA:17,1
DA:19,1
DA:20,1
DA:23,1
DA:24,1
DA:25,1
DA:27,1
DA:29,1
DA:30,1
end_of_record
